current directory: /Users/arcadiarose/src/github.com/arcadia-rose/nix-experiments/package-rails-server/outputs/out/gems/msgpack-1.7.0/ext/msgpack
/nix/store/g3jk30jl8dy7ar2n9wj3cp4bva9p30b2-ruby-3.2.2/bin/ruby -I /nix/store/g3jk30jl8dy7ar2n9wj3cp4bva9p30b2-ruby-3.2.2/lib/ruby/3.2.0 extconf.rb
checking for ruby/st.h... yes
checking for st.h... no
checking for rb_enc_interned_str() in ruby.h... yes
checking for rb_hash_new_capa() in ruby.h... yes
creating Makefile

current directory: /Users/arcadiarose/src/github.com/arcadia-rose/nix-experiments/package-rails-server/outputs/out/gems/msgpack-1.7.0/ext/msgpack
make DESTDIR\= sitearchdir\=./.gem.20230425-41356-ujchsz sitelibdir\=./.gem.20230425-41356-ujchsz clean

current directory: /Users/arcadiarose/src/github.com/arcadia-rose/nix-experiments/package-rails-server/outputs/out/gems/msgpack-1.7.0/ext/msgpack
make DESTDIR\= sitearchdir\=./.gem.20230425-41356-ujchsz sitelibdir\=./.gem.20230425-41356-ujchsz
compiling buffer.c
compiling buffer_class.c
compiling extension_value_class.c
compiling factory_class.c
compiling packer.c
compiling packer_class.c
compiling packer_ext_registry.c
compiling rbinit.c
compiling rmem.c
compiling unpacker.c
compiling unpacker_class.c
compiling unpacker_ext_registry.c
linking shared-object msgpack/msgpack.bundle

current directory: /Users/arcadiarose/src/github.com/arcadia-rose/nix-experiments/package-rails-server/outputs/out/gems/msgpack-1.7.0/ext/msgpack
make DESTDIR\= sitearchdir\=./.gem.20230425-41356-ujchsz sitelibdir\=./.gem.20230425-41356-ujchsz install
install -c -p -m 755 msgpack.bundle ./.gem.20230425-41356-ujchsz/msgpack

current directory: /Users/arcadiarose/src/github.com/arcadia-rose/nix-experiments/package-rails-server/outputs/out/gems/msgpack-1.7.0/ext/msgpack
make DESTDIR\= sitearchdir\=./.gem.20230425-41356-ujchsz sitelibdir\=./.gem.20230425-41356-ujchsz clean
